<?xml version="1.0" encoding="UTF-8"?>
<!-- Generated by org.testng.reporters.JUnitReportReporter -->
<testsuite hostname="LAPTOP-2V15E1BH" failures="0" tests="1" name="com.falgun.testRunner.testrunnerClass" time="3.161" errors="0" timestamp="2022-08-25T20:13:39 PDT" skipped="0">
  <testcase classname="com.falgun.testRunner.testrunnerClass" name="feature" time="3.161"/>
  <system-out/>
</testsuite> <!-- com.falgun.testRunner.testrunnerClass -->
